2020-08-30 11:43:41.231 +06:00 [Information] Application Starting up
2020-08-30 20:33:02.512 +06:00 [Information] Application Starting up
2020-08-30 20:33:07.834 +06:00 [Fatal] Application Starting Up Failed!
System.Exception: Could not resolve a service of type 'Membership.Data.AccountSeed' for the parameter 'accountSeed' of method 'Configure' on type 'BlogSite.Web.Startup'.
 ---> Autofac.Core.Registration.ComponentNotRegisteredException: The requested service 'Membership.Data.AccountSeed' has not been registered. To avoid this exception, either register a component to provide the service, check for service registration using IsRegistered(), or use the ResolveOptional() method to resolve an optional dependency.
   at Autofac.ResolutionExtensions.ResolveService(IComponentContext context, Service service, IEnumerable`1 parameters)
   at Autofac.ResolutionExtensions.Resolve(IComponentContext context, Type serviceType, IEnumerable`1 parameters)
   at Autofac.ResolutionExtensions.Resolve(IComponentContext context, Type serviceType)
   at Autofac.Extensions.DependencyInjection.AutofacServiceProvider.GetRequiredService(Type serviceType)
   at Microsoft.Extensions.DependencyInjection.ServiceProviderServiceExtensions.GetRequiredService(IServiceProvider provider, Type serviceType)
   at Microsoft.AspNetCore.Hosting.ConfigureBuilder.Invoke(Object instance, IApplicationBuilder builder)
   --- End of inner exception stack trace ---
   at Microsoft.AspNetCore.Hosting.ConfigureBuilder.Invoke(Object instance, IApplicationBuilder builder)
   at Microsoft.AspNetCore.Hosting.ConfigureBuilder.<>c__DisplayClass4_0.<Build>b__0(IApplicationBuilder builder)
   at Microsoft.AspNetCore.Hosting.GenericWebHostBuilder.<>c__DisplayClass13_0.<UseStartup>b__2(IApplicationBuilder app)
   at Microsoft.AspNetCore.Mvc.Filters.MiddlewareFilterBuilderStartupFilter.<>c__DisplayClass0_0.<Configure>g__MiddlewareFilterBuilder|0(IApplicationBuilder builder)
   at Microsoft.AspNetCore.Server.IIS.Core.IISServerSetupFilter.<>c__DisplayClass2_0.<Configure>b__0(IApplicationBuilder app)
   at Microsoft.AspNetCore.HostFilteringStartupFilter.<>c__DisplayClass0_0.<Configure>b__0(IApplicationBuilder app)
   at Microsoft.AspNetCore.Hosting.GenericWebHostService.StartAsync(CancellationToken cancellationToken)
   at Microsoft.Extensions.Hosting.Internal.Host.StartAsync(CancellationToken cancellationToken)
   at Microsoft.Extensions.Hosting.HostingAbstractionsHostExtensions.RunAsync(IHost host, CancellationToken token)
   at Microsoft.Extensions.Hosting.HostingAbstractionsHostExtensions.RunAsync(IHost host, CancellationToken token)
   at Microsoft.Extensions.Hosting.HostingAbstractionsHostExtensions.Run(IHost host)
   at BlogSite.Web.Program.Main(String[] args) in E:\My Projects\BlogSite.Web\BlogSite.Web\Program.cs:line 29
