2020-08-28 22:34:21.098 +06:00 [Information] Application Starting up
2020-08-28 23:12:18.794 +06:00 [Information] Application Starting up
2020-08-28 23:14:28.266 +06:00 [Information] Application Starting up
2020-08-28 23:16:52.004 +06:00 [Information] Application Starting up
2020-08-28 23:16:53.445 +06:00 [Fatal] Application Starting Up Failed!
System.ArgumentException: GenericArguments[0], 'Microsoft.AspNetCore.Identity.IdentityUser', on 'Microsoft.AspNetCore.Identity.EntityFrameworkCore.UserOnlyStore`6[TUser,TContext,TKey,TUserClaim,TUserLogin,TUserToken]' violates the constraint of type 'TUser'.
 ---> System.TypeLoadException: GenericArguments[0], 'Microsoft.AspNetCore.Identity.IdentityUser', on 'Microsoft.AspNetCore.Identity.UserStoreBase`5[TUser,TKey,TUserClaim,TUserLogin,TUserToken]' violates the constraint of type parameter 'TUser'.
   at System.RuntimeTypeHandle.Instantiate(Type[] inst)
   at System.RuntimeType.MakeGenericType(Type[] instantiation)
   --- End of inner exception stack trace ---
   at System.RuntimeType.ValidateGenericArguments(MemberInfo definition, RuntimeType[] genericArguments, Exception e)
   at System.RuntimeType.MakeGenericType(Type[] instantiation)
   at Microsoft.Extensions.DependencyInjection.IdentityEntityFrameworkBuilderExtensions.AddStores(IServiceCollection services, Type userType, Type roleType, Type contextType)
   at Microsoft.Extensions.DependencyInjection.IdentityEntityFrameworkBuilderExtensions.AddEntityFrameworkStores[TContext](IdentityBuilder builder)
   at BlogSite.Web.Startup.ConfigureServices(IServiceCollection services) in E:\My Projects\BlogSite.Web\BlogSite.Web\Startup.cs:line 49
   at System.RuntimeMethodHandle.InvokeMethod(Object target, Object[] arguments, Signature sig, Boolean constructor, Boolean wrapExceptions)
   at System.Reflection.RuntimeMethodInfo.Invoke(Object obj, BindingFlags invokeAttr, Binder binder, Object[] parameters, CultureInfo culture)
   at Microsoft.AspNetCore.Hosting.ConfigureServicesBuilder.InvokeCore(Object instance, IServiceCollection services)
   at Microsoft.AspNetCore.Hosting.ConfigureServicesBuilder.<>c__DisplayClass9_0.<Invoke>g__Startup|0(IServiceCollection serviceCollection)
   at Microsoft.AspNetCore.Hosting.ConfigureServicesBuilder.Invoke(Object instance, IServiceCollection services)
   at Microsoft.AspNetCore.Hosting.ConfigureServicesBuilder.<>c__DisplayClass8_0.<Build>b__0(IServiceCollection services)
   at Microsoft.AspNetCore.Hosting.GenericWebHostBuilder.UseStartup(Type startupType, HostBuilderContext context, IServiceCollection services)
   at Microsoft.AspNetCore.Hosting.GenericWebHostBuilder.<>c__DisplayClass12_0.<UseStartup>b__0(HostBuilderContext context, IServiceCollection services)
   at Microsoft.Extensions.Hosting.HostBuilder.CreateServiceProvider()
   at Microsoft.Extensions.Hosting.HostBuilder.Build()
   at BlogSite.Web.Program.Main(String[] args) in E:\My Projects\BlogSite.Web\BlogSite.Web\Program.cs:line 29
2020-08-28 23:44:05.402 +06:00 [Information] Application Starting up
